app/build/outputs/logs/manifest-merger-debug-report.txt
-- Merging decision tree log ---
manifest
ADDED from src\main\AndroidManifest.xml:2:1-54:12
	package
		ADDED from src\main\AndroidManifest.xml:3:11-48
		INJECTED from src\main\AndroidManifest.xml
		INJECTED from src\main\AndroidManifest.xml
	android:versionName
		INJECTED from src\main\AndroidManifest.xml
		INJECTED from src\main\AndroidManifest.xml
	xmlns:android
		ADDED from src\main\AndroidManifest.xml:2:11-69
	android:versionCode
		INJECTED from src\main\AndroidManifest.xml
		INJECTED from src\main\AndroidManifest.xml
uses-permission#android.permission.INTERNET
ADDED from src\main\AndroidManifest.xml:5:5-66
MERGED from [com.google.android.gms:play-services-ads:7.5.0] AndroidManifest.xml:20:5-66
MERGED from [com.google.android.gms:play-services-analytics:7.5.0] AndroidManifest.xml:21:5-67
MERGED from [com.google.android.gms:play-services-appinvite:7.5.0] AndroidManifest.xml:19:5-67
MERGED from [com.google.android.gms:play-services-maps:7.5.0] AndroidManifest.xml:21:5-66
MERGED from [com.google.android.gms:play-services-wallet:7.5.0] AndroidManifest.xml:20:5-66
	android:name
		ADDED from src\main\AndroidManifest.xml:5:22-64
uses-permission#android.permission.ACCESS_NETWORK_STATE
ADDED from src\main\AndroidManifest.xml:6:5-78
MERGED from [com.google.android.gms:play-services-ads:7.5.0] AndroidManifest.xml:21:5-78
MERGED from [com.google.android.gms:play-services-analytics:7.5.0] AndroidManifest.xml:22:5-79
MERGED from [com.google.android.gms:play-services-maps:7.5.0] AndroidManifest.xml:20:5-78
MERGED from [com.google.android.gms:play-services-nearby:7.5.0] AndroidManifest.xml:19:5-79
	android:name
		ADDED from src\main\AndroidManifest.xml:6:22-76
uses-permission#android.permission.WRITE_EXTERNAL_STORAGE
ADDED from src\main\AndroidManifest.xml:7:5-80
MERGED from [com.google.android.gms:play-services-maps:7.5.0] AndroidManifest.xml:22:5-80
	android:name
		ADDED from src\main\AndroidManifest.xml:7:22-78
uses-permission#com.google.android.providers.gsf.permission.READ_GSERVICES
ADDED from src\main\AndroidManifest.xml:8:5-97
	android:name
		ADDED from src\main\AndroidManifest.xml:8:22-95
uses-permission#android.permission.ACCESS_COARSE_LOCATION
ADDED from src\main\AndroidManifest.xml:10:5-80
MERGED from [com.google.android.gms:play-services-maps:7.5.0] AndroidManifest.xml:23:5-80
	android:name
		ADDED from src\main\AndroidManifest.xml:10:22-78
uses-permission#android.permission.ACCESS_FINE_LOCATION
ADDED from src\main\AndroidManifest.xml:12:5-78
	android:name
		ADDED from src\main\AndroidManifest.xml:12:22-76
uses-permission#android.permission.READ_EXTERNAL_STORAGE
ADDED from src\main\AndroidManifest.xml:14:5-79
	android:name
		ADDED from src\main\AndroidManifest.xml:14:22-77
application
ADDED from src\main\AndroidManifest.xml:16:5-52:19
MERGED from [com.android.support:design:25.0.0] AndroidManifest.xml:25:5-20
MERGED from [com.android.support:support-v4:25.0.0] AndroidManifest.xml:25:5-20
MERGED from [com.android.support:support-compat:25.0.0] AndroidManifest.xml:25:5-20
MERGED from [com.android.support:support-media-compat:25.0.0] AndroidManifest.xml:25:5-20
MERGED from [com.android.support:support-core-utils:25.0.0] AndroidManifest.xml:25:5-20
MERGED from [com.android.support:support-core-ui:25.0.0] AndroidManifest.xml:25:5-20
MERGED from [com.android.support:support-fragment:25.0.0] AndroidManifest.xml:25:5-20
MERGED from [com.android.support:appcompat-v7:25.0.0] AndroidManifest.xml:25:5-20
MERGED from [com.android.support:support-vector-drawable:25.0.0] AndroidManifest.xml:23:5-20
MERGED from [com.android.support:animated-vector-drawable:25.0.0] AndroidManifest.xml:22:5-20
MERGED from [com.android.support:transition:25.0.0] AndroidManifest.xml:22:5-20
MERGED from [com.google.android.gms:play-services:7.5.0] AndroidManifest.xml:19:5-20
MERGED from [com.google.android.gms:play-services-ads:7.5.0] AndroidManifest.xml:24:5-32:19
MERGED from [com.google.android.gms:play-services-base:7.5.0] AndroidManifest.xml:20:5-24:19
MERGED from [com.google.android.gms:play-services-analytics:7.5.0] AndroidManifest.xml:24:5-20
MERGED from [com.google.android.gms:play-services-appindexing:7.5.0] AndroidManifest.xml:19:5-20
MERGED from [com.google.android.gms:play-services-appinvite:7.5.0] AndroidManifest.xml:20:5-20
MERGED from [com.google.android.gms:play-services-appstate:7.5.0] AndroidManifest.xml:19:5-20
MERGED from [com.google.android.gms:play-services-cast:7.5.0] AndroidManifest.xml:19:5-20
MERGED from [com.android.support:mediarouter-v7:22.0.0] AndroidManifest.xml:22:5-20
MERGED from [com.google.android.gms:play-services-drive:7.5.0] AndroidManifest.xml:19:5-20
MERGED from [com.google.android.gms:play-services-fitness:7.5.0] AndroidManifest.xml:19:5-20
MERGED from [com.google.android.gms:play-services-location:7.5.0] AndroidManifest.xml:19:5-20
MERGED from [com.google.android.gms:play-services-maps:7.5.0] AndroidManifest.xml:29:5-20
MERGED from [com.google.android.gms:play-services-games:7.5.0] AndroidManifest.xml:19:5-20
MERGED from [com.google.android.gms:play-services-gcm:7.5.0] AndroidManifest.xml:19:5-20
MERGED from [com.google.android.gms:play-services-identity:7.5.0] AndroidManifest.xml:19:5-20
MERGED from [com.google.android.gms:play-services-nearby:7.5.0] AndroidManifest.xml:20:5-20
MERGED from [com.google.android.gms:play-services-panorama:7.5.0] AndroidManifest.xml:19:5-20
MERGED from [com.google.android.gms:play-services-plus:7.5.0] AndroidManifest.xml:19:5-20
MERGED from [com.google.android.gms:play-services-safetynet:7.5.0] AndroidManifest.xml:19:5-20
MERGED from [com.google.android.gms:play-services-wallet:7.5.0] AndroidManifest.xml:24:5-35:19
MERGED from [com.google.android.gms:play-services-wearable:7.5.0] AndroidManifest.xml:19:5-20
	android:label
		ADDED from src\main\AndroidManifest.xml:19:9-38
	android:supportsRtl
		ADDED from src\main\AndroidManifest.xml:20:9-35
	android:allowBackup
		ADDED from src\main\AndroidManifest.xml:17:9-35
	android:icon
		ADDED from src\main\AndroidManifest.xml:18:9-43
	android:theme
		ADDED from src\main\AndroidManifest.xml:21:9-40
activity#com.example.jingjie.maptest.MainActivity
ADDED from src\main\AndroidManifest.xml:22:9-28:20
	android:name
		ADDED from src\main\AndroidManifest.xml:22:19-47
intent-filter#android.intent.action.MAIN+android.intent.category.LAUNCHER
ADDED from src\main\AndroidManifest.xml:23:13-27:29
action#android.intent.action.MAIN
ADDED from src\main\AndroidManifest.xml:24:17-68
	android:name
		ADDED from src\main\AndroidManifest.xml:24:25-66
category#android.intent.category.LAUNCHER
ADDED from src\main\AndroidManifest.xml:26:17-76
	android:name
		ADDED from src\main\AndroidManifest.xml:26:27-74
activity#com.example.jingjie.maptest.mapActivity
ADDED from src\main\AndroidManifest.xml:29:9-33:20
	android:label
		ADDED from src\main\AndroidManifest.xml:31:13-42
	android:theme
		ADDED from src\main\AndroidManifest.xml:32:13-56
	android:name
		ADDED from src\main\AndroidManifest.xml:30:13-40
meta-data#com.google.android.maps.v2.API_KEY
ADDED from src\main\AndroidManifest.xml:35:9-37:70
	android:value
		ADDED from src\main\AndroidManifest.xml:37:13-68
	android:name
		ADDED from src\main\AndroidManifest.xml:36:13-62
meta-data#com.google.android.gms.version
ADDED from src\main\AndroidManifest.xml:38:9-40:68
MERGED from [com.google.android.gms:play-services-base:7.5.0] AndroidManifest.xml:21:9-23:69
	android:value
		ADDED from src\main\AndroidManifest.xml:40:13-66
	android:name
		ADDED from src\main\AndroidManifest.xml:39:13-58
activity#com.example.jingjie.maptest.EventsActivity
ADDED from src\main\AndroidManifest.xml:42:9-43:20
	android:name
		ADDED from src\main\AndroidManifest.xml:42:19-49
activity#com.example.jingjie.maptest.ManEventsActivity
ADDED from src\main\AndroidManifest.xml:44:9-45:20
	android:name
		ADDED from src\main\AndroidManifest.xml:44:19-52
activity#com.example.jingjie.maptest.WomanEventsActivity
ADDED from src\main\AndroidManifest.xml:46:9-47:20
	android:name
		ADDED from src\main\AndroidManifest.xml:46:19-54
activity#com.example.jingjie.maptest.HistoryActivity
ADDED from src\main\AndroidManifest.xml:48:9-49:20
	android:name
		ADDED from src\main\AndroidManifest.xml:48:19-50
activity#com.example.jingjie.maptest.ClassifySearchActivity
ADDED from src\main\AndroidManifest.xml:50:9-51:20
	android:name
		ADDED from src\main\AndroidManifest.xml:50:19-57
uses-sdk
INJECTED from src\main\AndroidManifest.xml reason: use-sdk injection requested
MERGED from [com.android.support:design:25.0.0] AndroidManifest.xml:21:5-23:62
MERGED from [com.android.support:support-v4:25.0.0] AndroidManifest.xml:21:5-23:54
MERGED from [com.android.support:support-compat:25.0.0] AndroidManifest.xml:21:5-23:58
MERGED from [com.android.support:support-media-compat:25.0.0] AndroidManifest.xml:21:5-23:63
MERGED from [com.android.support:support-core-utils:25.0.0] AndroidManifest.xml:21:5-23:61
MERGED from [com.android.support:support-core-ui:25.0.0] AndroidManifest.xml:21:5-23:58
MERGED from [com.android.support:support-fragment:25.0.0] AndroidManifest.xml:21:5-23:60
MERGED from [com.android.support:appcompat-v7:25.0.0] AndroidManifest.xml:21:5-23:78
MERGED from [com.android.support:support-vector-drawable:25.0.0] AndroidManifest.xml:21:5-43
MERGED from [com.android.support:animated-vector-drawable:25.0.0] AndroidManifest.xml:20:5-44
MERGED from [com.android.support:recyclerview-v7:25.0.0] AndroidManifest.xml:20:5-43
MERGED from [com.android.support:transition:25.0.0] AndroidManifest.xml:20:5-44
MERGED from [com.google.android.gms:play-services:7.5.0] AndroidManifest.xml:18:5-42
MERGED from [com.google.android.gms:play-services-ads:7.5.0] AndroidManifest.xml:23:5-42
MERGED from [com.google.android.gms:play-services-base:7.5.0] AndroidManifest.xml:18:5-42
MERGED from [com.google.android.gms:play-services-analytics:7.5.0] AndroidManifest.xml:18:5-42
MERGED from [com.google.android.gms:play-services-appindexing:7.5.0] AndroidManifest.xml:18:5-42
MERGED from [com.google.android.gms:play-services-appinvite:7.5.0] AndroidManifest.xml:18:5-42
MERGED from [com.google.android.gms:play-services-appstate:7.5.0] AndroidManifest.xml:18:5-42
MERGED from [com.google.android.gms:play-services-cast:7.5.0] AndroidManifest.xml:18:5-42
MERGED from [com.android.support:mediarouter-v7:22.0.0] AndroidManifest.xml:20:5-43
MERGED from [com.google.android.gms:play-services-drive:7.5.0] AndroidManifest.xml:18:5-42
MERGED from [com.google.android.gms:play-services-fitness:7.5.0] AndroidManifest.xml:18:5-42
MERGED from [com.google.android.gms:play-services-location:7.5.0] AndroidManifest.xml:18:5-42
MERGED from [com.google.android.gms:play-services-maps:7.5.0] AndroidManifest.xml:28:5-42
MERGED from [com.google.android.gms:play-services-games:7.5.0] AndroidManifest.xml:18:5-42
MERGED from [com.google.android.gms:play-services-gcm:7.5.0] AndroidManifest.xml:18:5-42
MERGED from [com.google.android.gms:play-services-identity:7.5.0] AndroidManifest.xml:18:5-42
MERGED from [com.google.android.gms:play-services-nearby:7.5.0] AndroidManifest.xml:18:5-42
MERGED from [com.google.android.gms:play-services-panorama:7.5.0] AndroidManifest.xml:18:5-42
MERGED from [com.google.android.gms:play-services-plus:7.5.0] AndroidManifest.xml:18:5-42
MERGED from [com.google.android.gms:play-services-safetynet:7.5.0] AndroidManifest.xml:18:5-42
MERGED from [com.google.android.gms:play-services-wallet:7.5.0] AndroidManifest.xml:19:5-42
MERGED from [com.google.android.gms:play-services-wearable:7.5.0] AndroidManifest.xml:18:5-42
	tools:overrideLibrary
		ADDED from [com.android.support:design:25.0.0] AndroidManifest.xml:23:9-59
	android:targetSdkVersion
		INJECTED from src\main\AndroidManifest.xml
		INJECTED from src\main\AndroidManifest.xml
	android:minSdkVersion
		INJECTED from src\main\AndroidManifest.xml
		INJECTED from src\main\AndroidManifest.xml
activity#com.google.android.gms.ads.AdActivity
ADDED from [com.google.android.gms:play-services-ads:7.5.0] AndroidManifest.xml:26:9-29:64
	android:configChanges
		ADDED from [com.google.android.gms:play-services-ads:7.5.0] AndroidManifest.xml:28:13-122
	android:theme
		ADDED from [com.google.android.gms:play-services-ads:7.5.0] AndroidManifest.xml:29:13-61
	android:name
		ADDED from [com.google.android.gms:play-services-ads:7.5.0] AndroidManifest.xml:27:13-65
activity#com.google.android.gms.ads.purchase.InAppPurchaseActivity
ADDED from [com.google.android.gms:play-services-ads:7.5.0] AndroidManifest.xml:30:9-31:52
	android:theme
		ADDED from [com.google.android.gms:play-services-ads:7.5.0] AndroidManifest.xml:31:13-50
	android:name
		ADDED from [com.google.android.gms:play-services-ads:7.5.0] AndroidManifest.xml:30:19-91
uses-feature#0x00020000
ADDED from [com.google.android.gms:play-services-maps:7.5.0] AndroidManifest.xml:24:5-26:33
	android:glEsVersion
		ADDED from [com.google.android.gms:play-services-maps:7.5.0] AndroidManifest.xml:25:8-40
	android:required
		ADDED from [com.google.android.gms:play-services-maps:7.5.0] AndroidManifest.xml:26:8-31
uses-permission#android.permission.GET_ACCOUNTS
ADDED from [com.google.android.gms:play-services-wallet:7.5.0] AndroidManifest.xml:21:5-70
	android:name
		ADDED from [com.google.android.gms:play-services-wallet:7.5.0] AndroidManifest.xml:21:22-68
uses-permission#android.permission.USE_CREDENTIALS
ADDED from [com.google.android.gms:play-services-wallet:7.5.0] AndroidManifest.xml:22:5-73
	android:name
		ADDED from [com.google.android.gms:play-services-wallet:7.5.0] AndroidManifest.xml:22:22-71
meta-data#com.google.android.gms.wallet.api.enabled
ADDED from [com.google.android.gms:play-services-wallet:7.5.0] AndroidManifest.xml:25:9-27:36
	android:value
		ADDED from [com.google.android.gms:play-services-wallet:7.5.0] AndroidManifest.xml:27:13-33
	android:name
		ADDED from [com.google.android.gms:play-services-wallet:7.5.0] AndroidManifest.xml:26:13-69
receiver#com.google.android.gms.wallet.EnableWalletOptimizationReceiver
ADDED from [com.google.android.gms:play-services-wallet:7.5.0] AndroidManifest.xml:28:9-34:20
	android:exported
		ADDED from [com.google.android.gms:play-services-wallet:7.5.0] AndroidManifest.xml:30:13-37
	android:name
		ADDED from [com.google.android.gms:play-services-wallet:7.5.0] AndroidManifest.xml:29:13-90
intent-filter#com.google.android.gms.wallet.ENABLE_WALLET_OPTIMIZATION
ADDED from [com.google.android.gms:play-services-wallet:7.5.0] AndroidManifest.xml:31:13-33:29
action#com.google.android.gms.wallet.ENABLE_WALLET_OPTIMIZATION
ADDED from [com.google.android.gms:play-services-wallet:7.5.0] AndroidManifest.xml:32:17-99
	android:name
		ADDED from [com.google.android.gms:play-services-wallet:7.5.0] AndroidManifest.xml:32:25-96